2021-12-31 16:43:47,915 [INFO] from akka.event.slf4j.Slf4jLogger in application-akka.actor.default-dispatcher-6 - Slf4jLogger started
2021-12-31 16:44:01,813 [INFO] from play.api.Play in Thread-0 - Application started (Prod) (no global state)
2021-12-31 16:44:31,425 [INFO] from play.core.server.AkkaHttpServer in Thread-0 - Enabling HTTP/2 on Akka HTTP server...
2021-12-31 16:44:31,428 [INFO] from play.core.server.AkkaHttpServer in Thread-0 - Listening for HTTP on /0:0:0:0:0:0:0:0:8080
2021-12-31 16:44:45,942 [INFO] from com.jpro.activity in application-akka.actor.default-dispatcher-9 - Starting the server
2021-12-31 16:44:45,946 [INFO] from com.jpro.internal.server.Initializer$ in application-akka.actor.default-dispatcher-9 -  *** Starting JPro: https://www.jpro.one/ ***
2021-12-31 16:44:45,946 [INFO] from com.jpro.internal.server.Initializer$ in application-akka.actor.default-dispatcher-9 - OS: Windows 10
2021-12-31 16:44:47,904 [INFO] from com.jpro.internal.server.Initializer$ in application-akka.actor.default-dispatcher-9 - JPro: 2021.2.2
2021-12-31 16:44:47,904 [INFO] from com.jpro.internal.server.Initializer$ in application-akka.actor.default-dispatcher-9 - Java version: 11.0.13
2021-12-31 16:44:47,904 [INFO] from com.jpro.internal.server.Initializer$ in application-akka.actor.default-dispatcher-9 - JVM: 11.0.13 BellSoft
2021-12-31 16:44:47,916 [INFO] from com.jpro.internal.server.Initializer$ in application-akka.actor.default-dispatcher-9 - JavaFX jar: jrt:/javafx.graphics
2021-12-31 16:44:52,496 [INFO] from com.jpro.internal.server.Initializer$ in application-akka.actor.default-dispatcher-9 - redirected OUT / ERR
2021-12-31 16:44:52,497 [INFO] from com.jpro.internal.server.Initializer$ in application-akka.actor.default-dispatcher-9 - installed SLF4JBridge
2021-12-31 16:44:52,500 [ERROR] from com.jpro.internal.server.Initializer$ in application-akka.actor.default-dispatcher-9 - JavaFX isn't loaded by the SystemClassLoader. This typically happens, when using a JDK/JRE which bundles JavaFX. Please use a JDK/JRE which does not bundle JavaFX.
2021-12-31 16:44:52,514 [INFO] from play.api.internal.libs.concurrent.CoordinatedShutdownSupport in Thread-9 - Starting synchronous coordinated shutdown with ServerStoppedReason reason and 2147508000 milliseconds timeout
2021-12-31 16:52:09,920 [INFO] from akka.event.slf4j.Slf4jLogger in application-akka.actor.default-dispatcher-6 - Slf4jLogger started
2021-12-31 16:52:20,870 [INFO] from play.api.Play in Thread-0 - Application started (Prod) (no global state)
2021-12-31 16:52:27,621 [INFO] from play.core.server.AkkaHttpServer in Thread-0 - Enabling HTTP/2 on Akka HTTP server...
2021-12-31 16:52:27,624 [INFO] from play.core.server.AkkaHttpServer in Thread-0 - Listening for HTTP on /0:0:0:0:0:0:0:0:8080
2021-12-31 16:52:29,086 [INFO] from com.jpro.activity in application-akka.actor.default-dispatcher-9 - Starting the server
2021-12-31 16:52:29,091 [INFO] from com.jpro.internal.server.Initializer$ in application-akka.actor.default-dispatcher-9 -  *** Starting JPro: https://www.jpro.one/ ***
2021-12-31 16:52:29,091 [INFO] from com.jpro.internal.server.Initializer$ in application-akka.actor.default-dispatcher-9 - OS: Windows 10
2021-12-31 16:52:29,238 [INFO] from com.jpro.internal.server.Initializer$ in application-akka.actor.default-dispatcher-9 - JPro: 2021.2.2
2021-12-31 16:52:29,239 [INFO] from com.jpro.internal.server.Initializer$ in application-akka.actor.default-dispatcher-9 - Java version: 11.0.13
2021-12-31 16:52:29,239 [INFO] from com.jpro.internal.server.Initializer$ in application-akka.actor.default-dispatcher-9 - JVM: 11.0.13 BellSoft
2021-12-31 16:52:29,249 [INFO] from com.jpro.internal.server.Initializer$ in application-akka.actor.default-dispatcher-9 - JavaFX jar: jrt:/javafx.graphics
2021-12-31 16:52:29,400 [INFO] from com.jpro.internal.server.Initializer$ in application-akka.actor.default-dispatcher-9 - redirected OUT / ERR
2021-12-31 16:52:29,400 [INFO] from com.jpro.internal.server.Initializer$ in application-akka.actor.default-dispatcher-9 - installed SLF4JBridge
2021-12-31 16:52:29,402 [ERROR] from com.jpro.internal.server.Initializer$ in application-akka.actor.default-dispatcher-9 - JavaFX isn't loaded by the SystemClassLoader. This typically happens, when using a JDK/JRE which bundles JavaFX. Please use a JDK/JRE which does not bundle JavaFX.
2021-12-31 17:27:35,367 [INFO] from akka.event.slf4j.Slf4jLogger in application-akka.actor.default-dispatcher-6 - Slf4jLogger started
2021-12-31 17:27:42,682 [INFO] from play.api.Play in Thread-0 - Application started (Prod) (no global state)
2021-12-31 17:27:49,436 [INFO] from play.core.server.AkkaHttpServer in Thread-0 - Enabling HTTP/2 on Akka HTTP server...
2021-12-31 17:27:49,439 [INFO] from play.core.server.AkkaHttpServer in Thread-0 - Listening for HTTP on /0:0:0:0:0:0:0:0:8080
2021-12-31 17:27:51,210 [INFO] from com.jpro.activity in application-akka.actor.default-dispatcher-9 - Starting the server
2021-12-31 17:27:51,278 [INFO] from com.jpro.internal.server.Initializer$ in application-akka.actor.default-dispatcher-9 -  *** Starting JPro: https://www.jpro.one/ ***
2021-12-31 17:27:51,278 [INFO] from com.jpro.internal.server.Initializer$ in application-akka.actor.default-dispatcher-9 - OS: Windows 10
2021-12-31 17:27:51,544 [INFO] from com.jpro.internal.server.Initializer$ in application-akka.actor.default-dispatcher-9 - JPro: 2021.2.2
2021-12-31 17:27:51,544 [INFO] from com.jpro.internal.server.Initializer$ in application-akka.actor.default-dispatcher-9 - Java version: 11.0.13
2021-12-31 17:27:51,544 [INFO] from com.jpro.internal.server.Initializer$ in application-akka.actor.default-dispatcher-9 - JVM: 11.0.13 BellSoft
2021-12-31 17:27:51,557 [INFO] from com.jpro.internal.server.Initializer$ in application-akka.actor.default-dispatcher-9 - JavaFX jar: jrt:/javafx.graphics
2021-12-31 17:27:51,694 [INFO] from com.jpro.internal.server.Initializer$ in application-akka.actor.default-dispatcher-9 - redirected OUT / ERR
2021-12-31 17:27:51,694 [INFO] from com.jpro.internal.server.Initializer$ in application-akka.actor.default-dispatcher-9 - installed SLF4JBridge
2021-12-31 17:27:51,698 [ERROR] from com.jpro.internal.server.Initializer$ in application-akka.actor.default-dispatcher-9 - JavaFX isn't loaded by the SystemClassLoader. This typically happens, when using a JDK/JRE which bundles JavaFX. Please use a JDK/JRE which does not bundle JavaFX.
2021-12-31 17:27:51,716 [INFO] from play.api.internal.libs.concurrent.CoordinatedShutdownSupport in Thread-9 - Starting synchronous coordinated shutdown with ServerStoppedReason reason and 2147508000 milliseconds timeout
2021-12-31 17:27:51,721 [INFO] from play.core.server.AkkaHttpServer in Thread-9 - Stopping Akka HTTP server...
2021-12-31 17:27:51,754 [INFO] from play.core.server.AkkaHttpServer in application-akka.actor.internal-dispatcher-5 - Terminating server binding for /0:0:0:0:0:0:0:0:8080
2021-12-31 17:45:46,996 [INFO] from akka.event.slf4j.Slf4jLogger in application-akka.actor.default-dispatcher-5 - Slf4jLogger started
2021-12-31 17:46:14,334 [INFO] from play.api.Play in Thread-0 - Application started (Prod) (no global state)
2021-12-31 17:46:57,789 [INFO] from play.core.server.AkkaHttpServer in Thread-0 - Enabling HTTP/2 on Akka HTTP server...
2021-12-31 17:46:57,791 [INFO] from play.core.server.AkkaHttpServer in Thread-0 - Listening for HTTP on /[0:0:0:0:0:0:0:0]:8080
2021-12-31 17:47:09,070 [INFO] from com.jpro.activity in application-akka.actor.default-dispatcher-5 - Starting the server
2021-12-31 17:47:09,134 [INFO] from com.jpro.internal.server.Initializer$ in application-akka.actor.default-dispatcher-5 -  *** Starting JPro: https://www.jpro.one/ ***
2021-12-31 17:47:09,134 [INFO] from com.jpro.internal.server.Initializer$ in application-akka.actor.default-dispatcher-5 - OS: Windows 10
2021-12-31 17:47:09,404 [INFO] from com.jpro.internal.server.Initializer$ in application-akka.actor.default-dispatcher-5 - JPro: 2021.2.2
2021-12-31 17:47:09,404 [INFO] from com.jpro.internal.server.Initializer$ in application-akka.actor.default-dispatcher-5 - Java version: 17.0.1
2021-12-31 17:47:09,404 [INFO] from com.jpro.internal.server.Initializer$ in application-akka.actor.default-dispatcher-5 - JVM: 17.0.1 Oracle Corporation
2021-12-31 17:47:09,446 [INFO] from com.jpro.internal.server.Initializer$ in application-akka.actor.default-dispatcher-5 - JavaFX jar: file:/C:/Users/Acer/.m2/repository/org/openjfx/javafx-graphics/17.0.1.1-jpro+0/javafx-graphics-17.0.1.1-jpro+0-win.jar
2021-12-31 17:47:10,244 [INFO] from com.jpro.internal.server.Initializer$ in application-akka.actor.default-dispatcher-5 - redirected OUT / ERR
2021-12-31 17:47:10,244 [INFO] from com.jpro.internal.server.Initializer$ in application-akka.actor.default-dispatcher-5 - installed SLF4JBridge
2021-12-31 17:47:14,659 [WARN] from javafx in application-akka.actor.default-dispatcher-5 - Unsupported JavaFX configuration: classes were loaded from 'unnamed module @2f77e061'
2021-12-31 18:17:29,418 [INFO] from akka.event.slf4j.Slf4jLogger in application-akka.actor.default-dispatcher-6 - Slf4jLogger started
2021-12-31 18:17:36,684 [INFO] from play.api.Play in Thread-0 - Application started (Prod) (no global state)
2021-12-31 18:18:06,630 [INFO] from play.core.server.AkkaHttpServer in Thread-0 - Enabling HTTP/2 on Akka HTTP server...
2021-12-31 18:18:06,634 [INFO] from play.core.server.AkkaHttpServer in Thread-0 - Listening for HTTP on /0:0:0:0:0:0:0:0:8080
2021-12-31 18:18:14,116 [INFO] from com.jpro.activity in application-akka.actor.default-dispatcher-8 - Starting the server
2021-12-31 18:18:14,168 [INFO] from com.jpro.internal.server.Initializer$ in application-akka.actor.default-dispatcher-8 -  *** Starting JPro: https://www.jpro.one/ ***
2021-12-31 18:18:14,169 [INFO] from com.jpro.internal.server.Initializer$ in application-akka.actor.default-dispatcher-8 - OS: Windows 10
2021-12-31 18:18:14,492 [INFO] from com.jpro.internal.server.Initializer$ in application-akka.actor.default-dispatcher-8 - JPro: 2021.2.2
2021-12-31 18:18:14,492 [INFO] from com.jpro.internal.server.Initializer$ in application-akka.actor.default-dispatcher-8 - Java version: 11.0.13
2021-12-31 18:18:14,492 [INFO] from com.jpro.internal.server.Initializer$ in application-akka.actor.default-dispatcher-8 - JVM: 11.0.13 Eclipse Adoptium
2021-12-31 18:18:14,503 [INFO] from com.jpro.internal.server.Initializer$ in application-akka.actor.default-dispatcher-8 - JavaFX jar: file:/C:/Users/Acer/.m2/repository/org/openjfx/javafx-graphics/17.0.1.1-jpro+0/javafx-graphics-17.0.1.1-jpro+0-win.jar
2021-12-31 18:18:15,027 [INFO] from com.jpro.internal.server.Initializer$ in application-akka.actor.default-dispatcher-8 - redirected OUT / ERR
2021-12-31 18:18:15,027 [INFO] from com.jpro.internal.server.Initializer$ in application-akka.actor.default-dispatcher-8 - installed SLF4JBridge
2021-12-31 18:18:18,953 [WARN] from javafx in application-akka.actor.default-dispatcher-8 - Unsupported JavaFX configuration: classes were loaded from 'unnamed module @37fc6b02'
2021-12-31 18:19:53,514 [INFO] from com.jpro.internal.server.Initializer$ in application-akka.actor.default-dispatcher-8 - finished init!
2021-12-31 18:19:53,516 [INFO] from com.jpro.internal.server.Initializer$ in JavaFX Application Thread - JavaFX version: 17.0.1.1-jpro+0-2021-11-29-063032
2021-12-31 18:21:57,244 [INFO] from controllers.jpro in application-akka.actor.default-dispatcher-17 - application requested: 0!default
2021-12-31 18:21:58,582 [INFO] from controllers.jpro in application-akka.actor.default-dispatcher-17 - Creating Application: 0!default
2021-12-31 18:21:58,590 [INFO] from controllers.jpro in application-akka.actor.default-dispatcher-17 - remoteAddress 0:0:0:0:0:0:0:1
2021-12-31 18:21:58,591 [INFO] from controllers.jpro in application-akka.actor.default-dispatcher-17 - host          localhost:8080
2021-12-31 18:21:58,591 [INFO] from controllers.jpro in application-akka.actor.default-dispatcher-17 - uri           /app/0!default
2021-12-31 18:22:04,520 [ERROR] from com.jpro.internal.server.ViewSerializerActor in JavaFX Application Thread - JavaFXStreamer - got Exception: 
java.lang.ClassNotFoundException: FormTest.AffaireFormTest
	at java.base/jdk.internal.loader.BuiltinClassLoader.loadClass(BuiltinClassLoader.java:581)
	at java.base/jdk.internal.loader.ClassLoaders$AppClassLoader.loadClass(ClassLoaders.java:178)
	at java.base/java.lang.ClassLoader.loadClass(ClassLoader.java:522)
	at simplefx.util.ReflectionUtil.loadClass(ReflectionUtil.scala:38)
	at simplefx.util.ReflectionUtil.callNew(ReflectionUtil.scala:103)
	at com.jpro.internal.config.ApplicationStarter$.startApplication(ApplicationStarter.scala:108)
	at com.jpro.internal.config.ApplicationStarter$.requestApplication(ApplicationStarter.scala:94)
	at com.jpro.internal.config.ApplicationStarter$.getApplication(ApplicationStarter.scala:60)
	at com.jpro.internal.communicator.ViewImpl.<init>(ViewImpl.scala:30)
	at com.jpro.internal.server.ViewByActor.<init>(ViewSerializerActor.scala:114)
	at com.jpro.internal.server.ViewSerializerActor$$anonfun$receive$2$$anonfun$applyOrElse$1.$anonfun$applyOrElse$2(ViewSerializerActor.scala:69)
	at scala.runtime.java8.JFunction0$mcV$sp.apply(JFunction0$mcV$sp.java:23)
	at simplefx.util.Predef$.$anonfun$runInAndBlock$1(Predef.scala:183)
	at scala.runtime.java8.JFunction0$mcV$sp.apply(JFunction0$mcV$sp.java:23)
	at simplefx.cores.standard.parts.CoreTimeEvent.$anonfun$runAsAnimation$1(CoreTimeEvent.scala:64)
	at simplefx.cores.standard.parts.CoreTimeEvent$$anon$2.handle(CoreTimeEvent.scala:46)
	at javafx.animation.AnimationTimer$AnimationTimerReceiver.lambda$handle$0(AnimationTimer.java:58)
	at java.base/java.security.AccessController.doPrivileged(Native Method)
	at javafx.animation.AnimationTimer$AnimationTimerReceiver.handle(AnimationTimer.java:57)
	at com.sun.scenario.animation.AbstractPrimaryTimer.timePulseImpl(AbstractPrimaryTimer.java:356)
	at com.sun.scenario.animation.AbstractPrimaryTimer$MainLoop.run(AbstractPrimaryTimer.java:266)
	at com.sun.javafx.tk.quantum.QuantumToolkit.pulse(QuantumToolkit.java:581)
	at com.sun.javafx.tk.quantum.QuantumToolkit.pulse(QuantumToolkit.java:565)
	at com.sun.javafx.tk.quantum.QuantumToolkit.pulseFromQueue(QuantumToolkit.java:558)
	at com.sun.javafx.tk.quantum.QuantumToolkit.lambda$runToolkit$12(QuantumToolkit.java:359)
	at com.sun.glass.ui.monocle.RunnableProcessor.runLoop(RunnableProcessor.java:92)
	at com.sun.glass.ui.monocle.RunnableProcessor.run(RunnableProcessor.java:51)
	at java.base/java.lang.Thread.run(Thread.java:829)
2021-12-31 18:38:32,555 [INFO] from akka.event.slf4j.Slf4jLogger in application-akka.actor.default-dispatcher-6 - Slf4jLogger started
2021-12-31 18:38:51,027 [INFO] from play.api.Play in Thread-0 - Application started (Prod) (no global state)
2021-12-31 18:39:24,809 [INFO] from play.core.server.AkkaHttpServer in Thread-0 - Enabling HTTP/2 on Akka HTTP server...
2021-12-31 18:39:24,813 [INFO] from play.core.server.AkkaHttpServer in Thread-0 - Listening for HTTP on /0:0:0:0:0:0:0:0:8080
2021-12-31 18:39:36,796 [INFO] from com.jpro.activity in application-akka.actor.default-dispatcher-6 - Starting the server
2021-12-31 18:39:36,860 [INFO] from com.jpro.internal.server.Initializer$ in application-akka.actor.default-dispatcher-6 -  *** Starting JPro: https://www.jpro.one/ ***
2021-12-31 18:39:36,865 [INFO] from com.jpro.internal.server.Initializer$ in application-akka.actor.default-dispatcher-6 - OS: Windows 10
2021-12-31 18:39:38,254 [INFO] from com.jpro.internal.server.Initializer$ in application-akka.actor.default-dispatcher-6 - JPro: 2021.2.2
2021-12-31 18:39:38,254 [INFO] from com.jpro.internal.server.Initializer$ in application-akka.actor.default-dispatcher-6 - Java version: 11.0.13
2021-12-31 18:39:38,254 [INFO] from com.jpro.internal.server.Initializer$ in application-akka.actor.default-dispatcher-6 - JVM: 11.0.13 Eclipse Adoptium
2021-12-31 18:39:38,511 [INFO] from com.jpro.internal.server.Initializer$ in application-akka.actor.default-dispatcher-6 - JavaFX jar: file:/C:/Users/Acer/.m2/repository/org/openjfx/javafx-graphics/17.0.1.1-jpro+0/javafx-graphics-17.0.1.1-jpro+0-win.jar
2021-12-31 18:39:40,450 [INFO] from com.jpro.internal.server.Initializer$ in application-akka.actor.default-dispatcher-6 - redirected OUT / ERR
2021-12-31 18:39:40,451 [INFO] from com.jpro.internal.server.Initializer$ in application-akka.actor.default-dispatcher-6 - installed SLF4JBridge
2021-12-31 18:39:44,895 [WARN] from javafx in application-akka.actor.default-dispatcher-6 - Unsupported JavaFX configuration: classes were loaded from 'unnamed module @754bfccf'
2021-12-31 18:40:03,373 [INFO] from com.jpro.internal.server.Initializer$ in application-akka.actor.default-dispatcher-6 - finished init!
2021-12-31 18:40:03,391 [INFO] from com.jpro.internal.server.Initializer$ in JavaFX Application Thread - JavaFX version: 17.0.1.1-jpro+0-2021-11-29-063032
2021-12-31 18:40:48,685 [INFO] from controllers.jpro in application-akka.actor.default-dispatcher-6 - application requested: 0!default
2021-12-31 18:40:48,889 [INFO] from controllers.jpro in application-akka.actor.default-dispatcher-6 - Creating Application: 0!default
2021-12-31 18:40:48,904 [INFO] from controllers.jpro in application-akka.actor.default-dispatcher-6 - remoteAddress 0:0:0:0:0:0:0:1
2021-12-31 18:40:48,904 [INFO] from controllers.jpro in application-akka.actor.default-dispatcher-6 - host          localhost:8080
2021-12-31 18:40:48,904 [INFO] from controllers.jpro in application-akka.actor.default-dispatcher-6 - uri           /app/0!default
2021-12-31 18:41:05,182 [INFO] from com.jpro.internal.server.ViewSerializerActor in JavaFX Application Thread - appdef: AppByMain(default,Main.Main,None,NamedClassLoader(system),false) clientinfo: ClientInfo(http://localhost:8080/,http://localhost:8080/app/default,1366.0,657.0,1.0,false,en-US,List(en-US, en),,Map(),Map(Host -> List(localhost:8080), Origin -> List(http://localhost:8080), Pragma -> List(no-cache), Upgrade -> List(websocket), Connection -> List(Upgrade), User-Agent -> List(Mozilla/5.0 (Windows NT 10.0; Win64; x64) AppleWebKit/537.36 (KHTML, like Gecko) Chrome/96.0.4664.110 Safari/537.36 Edg/96.0.1054.62), Cache-Control -> List(no-cache), Remote-Address -> List(0:0:0:0:0:0:0:1:55435), Timeout-Access -> List(<function1>), Accept-Encoding -> List(gzip, deflate, br), Accept-Language -> List(en-US,en;q=0.9), Raw-Request-URI -> List(/app/0!default), Tls-Session-Info -> List(Session(1640965165312|SSL_NULL_WITH_NULL_NULL)), Sec-WebSocket-Key -> List(rPqgrqBkAHYlJNn5G5XiQQ==), UpgradeToWebSocket -> List(), Sec-WebSocket-Version -> List(13), Sec-WebSocket-Extensions -> List(permessage-deflate; client_max_window_bits)))out: Actor[akka://application/system/Materializers/StreamSupervisor-0/$$f-actorRefSource#-499077846]
2021-12-31 18:41:22,987 [ERROR] from com.jpro.internal.communicator.InstanceImpl in JavaFX Application Thread - Error while starting application: 
java.lang.NoSuchMethodError: 'javafx.beans.binding.BooleanExpression com.sun.javafx.scene.NodeHelper.treeShowingProperty(javafx.scene.Node)'
	at com.jfoenix.skins.JFXProgressBarSkin.<init>(JFXProgressBarSkin.java:64)
	at com.jfoenix.controls.JFXProgressBar.createDefaultSkin(JFXProgressBar.java:73)
	at javafx.scene.control.Control.doProcessCSS(Control.java:897)
	at javafx.scene.control.Control$1.doProcessCSS(Control.java:89)
	at com.sun.javafx.scene.control.ControlHelper.processCSSImpl(ControlHelper.java:67)
	at com.sun.javafx.scene.NodeHelper.processCSS(NodeHelper.java:146)
	at javafx.scene.Parent.doProcessCSS(Parent.java:1400)
	at javafx.scene.Parent$1.doProcessCSS(Parent.java:125)
	at com.sun.javafx.scene.ParentHelper.processCSSImpl(ParentHelper.java:98)
	at com.sun.javafx.scene.NodeHelper.processCSS(NodeHelper.java:146)
	at javafx.scene.Node.processCSS(Node.java:9456)
	at javafx.scene.Scene.doCSSPass(Scene.java:574)
	at javafx.scene.Scene.preferredSize(Scene.java:1814)
	at javafx.scene.Scene$2.preferredSize(Scene.java:397)
	at com.sun.javafx.scene.SceneHelper.preferredSize(SceneHelper.java:66)
	at javafx.stage.Window$12.invalidated(Window.java:1114)
	at javafx.beans.property.BooleanPropertyBase.markInvalid(BooleanPropertyBase.java:110)
	at javafx.beans.property.BooleanPropertyBase.set(BooleanPropertyBase.java:145)
	at javafx.stage.Window.setShowing(Window.java:1190)
	at javafx.stage.Window.show(Window.java:1205)
	at javafx.stage.Stage.show(Stage.java:273)
	at Main.Main.showLogin(Main.java:47)
	at Main.Main.start(Main.java:64)
	at com.jpro.internal.config.ApplicationStarter$.$anonfun$startJApplication$1(ApplicationStarter.scala:131)
	at com.jpro.internal.config.ApplicationStarter$.$anonfun$startJApplication$1$adapted(ApplicationStarter.scala:128)
	at com.jpro.internal.communicator.InstanceImpl.start(InstanceImpl.scala:33)
	at com.jpro.internal.communicator.InstanceImpl.$anonfun$new$2(InstanceImpl.scala:27)
	at scala.runtime.java8.JFunction0$mcV$sp.apply(JFunction0$mcV$sp.java:23)
	at simplefx.cores.standard.parts.CoreTimeEvent.$anonfun$runWhenever$2(CoreTimeEvent.scala:133)
	at simplefx.cores.standard.parts.CoreTimeEvent.$anonfun$runWhenever$2$adapted(CoreTimeEvent.scala:133)
	at simplefx.cores.standard.parts.CoreTypesBindable$BindableImpl.$anonfun$triggerOnChange$3(CoreTypesBindable.scala:208)
	at simplefx.cores.standard.parts.CoreScheduler.runSchedulerImpl(CoreScheduler.scala:73)
	at simplefx.cores.standard.parts.CoreScheduler.runSchedulerImpl$(CoreScheduler.scala:52)
	at simplefx.cores.standard.Core.runSchedulerImpl(Core.scala:9)
	at simplefx.cores.standard.parts.CoreScheduler.tryStartSchedulerStop(CoreScheduler.scala:44)
	at simplefx.cores.standard.parts.CoreScheduler.tryStartSchedulerStop$(CoreScheduler.scala:42)
	at simplefx.cores.standard.Core.tryStartSchedulerStop(Core.scala:9)
	at com.jpro.internal.server.ViewSerializerActor$$anonfun$receive$2$$anonfun$applyOrElse$1.$anonfun$applyOrElse$2(ViewSerializerActor.scala:60)
	at scala.runtime.java8.JFunction0$mcV$sp.apply(JFunction0$mcV$sp.java:23)
	at simplefx.util.Predef$.$anonfun$runInAndBlock$1(Predef.scala:183)
	at scala.runtime.java8.JFunction0$mcV$sp.apply(JFunction0$mcV$sp.java:23)
	at simplefx.cores.standard.parts.CoreTimeEvent.$anonfun$runAsAnimation$1(CoreTimeEvent.scala:64)
	at simplefx.cores.standard.parts.CoreTimeEvent$$anon$2.handle(CoreTimeEvent.scala:46)
	at javafx.animation.AnimationTimer$AnimationTimerReceiver.lambda$handle$0(AnimationTimer.java:58)
	at java.base/java.security.AccessController.doPrivileged(Native Method)
	at javafx.animation.AnimationTimer$AnimationTimerReceiver.handle(AnimationTimer.java:57)
	at com.sun.scenario.animation.AbstractPrimaryTimer.timePulseImpl(AbstractPrimaryTimer.java:356)
	at com.sun.scenario.animation.AbstractPrimaryTimer$MainLoop.run(AbstractPrimaryTimer.java:266)
	at com.sun.javafx.tk.quantum.QuantumToolkit.pulse(QuantumToolkit.java:581)
	at com.sun.javafx.tk.quantum.QuantumToolkit.pulse(QuantumToolkit.java:565)
	at com.sun.javafx.tk.quantum.QuantumToolkit.pulseFromQueue(QuantumToolkit.java:558)
	at com.sun.javafx.tk.quantum.QuantumToolkit.lambda$runToolkit$12(QuantumToolkit.java:359)
	at com.sun.glass.ui.monocle.RunnableProcessor.runLoop(RunnableProcessor.java:92)
	at com.sun.glass.ui.monocle.RunnableProcessor.run(RunnableProcessor.java:51)
	at java.base/java.lang.Thread.run(Thread.java:829)
2021-12-31 18:41:22,987 [WARN] from com.jpro.internal.communicator.InstanceImpl in JavaFX Application Thread - Application didn't show the stage. JPro is now calling show()
2021-12-31 18:41:23,597 [INFO] from com.jpro.meta.stream.Util$ in JavaFX Application Thread - WORKAROUND! setting XY for Window because current XY is NaN
2021-12-31 18:41:25,507 [INFO] from com.jpro.meta.stream.Util$ in JavaFX Application Thread - WORKAROUND! setting XY for Window because current XY is NaN
2021-12-31 18:42:24,567 [INFO] from com.jpro.internal.stats.ViewInfo$ in JavaFX Application Thread - 
2021-12-31 18:42:24,567 [INFO] from com.jpro.internal.stats.ViewInfo$ in JavaFX Application Thread - Application closed:
2021-12-31 18:42:24,633 [INFO] from com.jpro.internal.stats.ViewInfo$ in JavaFX Application Thread - startTime      : Fri Dec 31 18:42:24 AST 2021      
2021-12-31 18:42:24,649 [INFO] from com.jpro.internal.stats.ViewInfo$ in JavaFX Application Thread - averageLatency : 00:00:00.000 
2021-12-31 18:42:24,649 [INFO] from com.jpro.internal.stats.ViewInfo$ in JavaFX Application Thread - averageJitter  : 00:00:00.000  
2021-12-31 18:42:24,651 [INFO] from com.jpro.internal.stats.ViewInfo$ in JavaFX Application Thread - framerateServer: 00:00:00.000
2021-12-31 18:42:24,659 [INFO] from com.jpro.internal.stats.ViewInfo$ in JavaFX Application Thread - framerateClient: 00:00:00.000
2021-12-31 18:42:24,662 [INFO] from com.jpro.internal.stats.ViewInfo$ in JavaFX Application Thread - raw            : 0
2021-12-31 18:42:24,662 [INFO] from com.jpro.internal.stats.ViewInfo$ in JavaFX Application Thread - zipped         : 0
2021-12-31 18:42:24,662 [INFO] from com.jpro.internal.stats.ViewInfo$ in JavaFX Application Thread - 
2021-12-31 18:42:24,675 [INFO] from com.jpro.internal.communicator.InstanceImpl in JavaFX Application Thread - closing window!
2021-12-31 18:42:33,768 [INFO] from play.api.internal.libs.concurrent.CoordinatedShutdownSupport in Thread-9 - Starting synchronous coordinated shutdown with ServerStoppedReason reason and 2147508000 milliseconds timeout
2021-12-31 18:42:33,773 [INFO] from com.jpro.activity in Thread-20 - Closing the server -> used memory: 33 MB  -  free system memory: 372 MB
2021-12-31 18:42:33,800 [INFO] from play.core.server.AkkaHttpServer in Thread-9 - Stopping Akka HTTP server...
2021-12-31 18:56:20,600 [INFO] from akka.event.slf4j.Slf4jLogger in application-akka.actor.default-dispatcher-6 - Slf4jLogger started
2021-12-31 18:56:27,742 [INFO] from play.api.Play in Thread-0 - Application started (Prod) (no global state)
2021-12-31 18:56:38,835 [INFO] from play.core.server.AkkaHttpServer in Thread-0 - Enabling HTTP/2 on Akka HTTP server...
2021-12-31 18:56:38,839 [INFO] from play.core.server.AkkaHttpServer in Thread-0 - Listening for HTTP on /0:0:0:0:0:0:0:0:8080
2021-12-31 18:56:40,603 [INFO] from com.jpro.activity in application-akka.actor.default-dispatcher-7 - Starting the server
2021-12-31 18:56:40,617 [INFO] from com.jpro.internal.server.Initializer$ in application-akka.actor.default-dispatcher-7 -  *** Starting JPro: https://www.jpro.one/ ***
2021-12-31 18:56:40,617 [INFO] from com.jpro.internal.server.Initializer$ in application-akka.actor.default-dispatcher-7 - OS: Windows 10
2021-12-31 18:56:40,774 [INFO] from com.jpro.internal.server.Initializer$ in application-akka.actor.default-dispatcher-7 - JPro: 2021.2.2
2021-12-31 18:56:40,775 [INFO] from com.jpro.internal.server.Initializer$ in application-akka.actor.default-dispatcher-7 - Java version: 11.0.13
2021-12-31 18:56:40,775 [INFO] from com.jpro.internal.server.Initializer$ in application-akka.actor.default-dispatcher-7 - JVM: 11.0.13 Eclipse Adoptium
2021-12-31 18:56:40,817 [INFO] from com.jpro.internal.server.Initializer$ in application-akka.actor.default-dispatcher-7 - JavaFX jar: file:/C:/Users/Acer/.m2/repository/org/openjfx/javafx-graphics/17.0.1.1-jpro+0/javafx-graphics-17.0.1.1-jpro+0-win.jar
2021-12-31 18:56:41,094 [INFO] from com.jpro.internal.server.Initializer$ in application-akka.actor.default-dispatcher-7 - redirected OUT / ERR
2021-12-31 18:56:41,094 [INFO] from com.jpro.internal.server.Initializer$ in application-akka.actor.default-dispatcher-7 - installed SLF4JBridge
2021-12-31 18:56:41,997 [WARN] from javafx in application-akka.actor.default-dispatcher-7 - Unsupported JavaFX configuration: classes were loaded from 'unnamed module @5a049e2b'
2021-12-31 18:56:51,025 [INFO] from com.jpro.internal.server.Initializer$ in application-akka.actor.default-dispatcher-7 - finished init!
2021-12-31 18:56:51,026 [INFO] from com.jpro.internal.server.Initializer$ in JavaFX Application Thread - JavaFX version: 17.0.1.1-jpro+0-2021-11-29-063032
2021-12-31 18:57:09,996 [INFO] from controllers.jpro in application-akka.actor.default-dispatcher-12 - application requested: 0!default
2021-12-31 18:57:11,009 [INFO] from controllers.jpro in application-akka.actor.default-dispatcher-12 - Creating Application: 0!default
2021-12-31 18:57:11,066 [INFO] from controllers.jpro in application-akka.actor.default-dispatcher-12 - remoteAddress 0:0:0:0:0:0:0:1
2021-12-31 18:57:11,067 [INFO] from controllers.jpro in application-akka.actor.default-dispatcher-12 - host          localhost:8080
2021-12-31 18:57:11,067 [INFO] from controllers.jpro in application-akka.actor.default-dispatcher-12 - uri           /app/0!default
2021-12-31 18:57:17,517 [INFO] from com.jpro.internal.server.ViewSerializerActor in JavaFX Application Thread - appdef: AppByMain(default,Main.Main,None,NamedClassLoader(system),false) clientinfo: ClientInfo(http://localhost:8080/,http://localhost:8080/app/default,1366.0,657.0,1.0,false,en-US,List(en-US, en),,Map(),Map(Host -> List(localhost:8080), Origin -> List(http://localhost:8080), Pragma -> List(no-cache), Upgrade -> List(websocket), Connection -> List(Upgrade), User-Agent -> List(Mozilla/5.0 (Windows NT 10.0; Win64; x64) AppleWebKit/537.36 (KHTML, like Gecko) Chrome/96.0.4664.110 Safari/537.36 Edg/96.0.1054.62), Cache-Control -> List(no-cache), Remote-Address -> List(0:0:0:0:0:0:0:1:55923), Timeout-Access -> List(<function1>), Accept-Encoding -> List(gzip, deflate, br), Accept-Language -> List(en-US,en;q=0.9), Raw-Request-URI -> List(/app/0!default), Tls-Session-Info -> List(Session(1640966199339|SSL_NULL_WITH_NULL_NULL)), Sec-WebSocket-Key -> List(wuico2PmikAnNi+d9Gqj+w==), UpgradeToWebSocket -> List(), Sec-WebSocket-Version -> List(13), Sec-WebSocket-Extensions -> List(permessage-deflate; client_max_window_bits)))out: Actor[akka://application/system/Materializers/StreamSupervisor-0/$$f-actorRefSource#1535465148]
2021-12-31 18:57:22,789 [WARN] from com.jpro.internal.communicator.InstanceImpl in JavaFX Application Thread - Application didn't show the stage. JPro is now calling show()
2021-12-31 18:57:23,206 [INFO] from com.jpro.meta.stream.Util$ in JavaFX Application Thread - WORKAROUND! setting XY for Window because current XY is NaN
2021-12-31 19:05:52,551 [INFO] from akka.event.slf4j.Slf4jLogger in application-akka.actor.default-dispatcher-5 - Slf4jLogger started
2021-12-31 19:05:57,691 [INFO] from play.api.Play in Thread-0 - Application started (Prod) (no global state)
2021-12-31 19:06:05,004 [INFO] from play.core.server.AkkaHttpServer in Thread-0 - Enabling HTTP/2 on Akka HTTP server...
2021-12-31 19:06:05,007 [INFO] from play.core.server.AkkaHttpServer in Thread-0 - Listening for HTTP on /0:0:0:0:0:0:0:0:8080
2021-12-31 19:06:07,231 [INFO] from com.jpro.activity in application-akka.actor.default-dispatcher-6 - Starting the server
2021-12-31 19:06:07,273 [INFO] from com.jpro.internal.server.Initializer$ in application-akka.actor.default-dispatcher-6 -  *** Starting JPro: https://www.jpro.one/ ***
2021-12-31 19:06:07,273 [INFO] from com.jpro.internal.server.Initializer$ in application-akka.actor.default-dispatcher-6 - OS: Windows 10
2021-12-31 19:06:07,446 [INFO] from com.jpro.internal.server.Initializer$ in application-akka.actor.default-dispatcher-6 - JPro: 2021.2.2
2021-12-31 19:06:07,447 [INFO] from com.jpro.internal.server.Initializer$ in application-akka.actor.default-dispatcher-6 - Java version: 11.0.13
2021-12-31 19:06:07,447 [INFO] from com.jpro.internal.server.Initializer$ in application-akka.actor.default-dispatcher-6 - JVM: 11.0.13 Eclipse Adoptium
2021-12-31 19:06:07,458 [INFO] from com.jpro.internal.server.Initializer$ in application-akka.actor.default-dispatcher-6 - JavaFX jar: file:/C:/Users/Acer/.m2/repository/org/openjfx/javafx-graphics/17.0.1.1-jpro+0/javafx-graphics-17.0.1.1-jpro+0-win.jar
2021-12-31 19:06:07,647 [INFO] from com.jpro.internal.server.Initializer$ in application-akka.actor.default-dispatcher-6 - redirected OUT / ERR
2021-12-31 19:06:07,647 [INFO] from com.jpro.internal.server.Initializer$ in application-akka.actor.default-dispatcher-6 - installed SLF4JBridge
2021-12-31 19:06:09,454 [WARN] from javafx in application-akka.actor.default-dispatcher-6 - Unsupported JavaFX configuration: classes were loaded from 'unnamed module @3542e6c7'
2021-12-31 19:06:17,320 [INFO] from com.jpro.internal.server.Initializer$ in application-akka.actor.default-dispatcher-6 - finished init!
2021-12-31 19:06:17,323 [INFO] from com.jpro.internal.server.Initializer$ in JavaFX Application Thread - JavaFX version: 17.0.1.1-jpro+0-2021-11-29-063032
2021-12-31 19:06:43,834 [INFO] from controllers.jpro in application-akka.actor.default-dispatcher-12 - application requested: 0!default
2021-12-31 19:06:45,115 [INFO] from controllers.jpro in application-akka.actor.default-dispatcher-12 - Creating Application: 0!default
2021-12-31 19:06:45,128 [INFO] from controllers.jpro in application-akka.actor.default-dispatcher-12 - remoteAddress 0:0:0:0:0:0:0:1
2021-12-31 19:06:45,128 [INFO] from controllers.jpro in application-akka.actor.default-dispatcher-12 - host          localhost:8080
2021-12-31 19:06:45,128 [INFO] from controllers.jpro in application-akka.actor.default-dispatcher-12 - uri           /app/0!default
2021-12-31 19:06:52,112 [ERROR] from com.jpro.internal.server.ViewSerializerActor in JavaFX Application Thread - JavaFXStreamer - got Exception: 
java.lang.ClassNotFoundException: null
	at java.base/jdk.internal.loader.BuiltinClassLoader.loadClass(BuiltinClassLoader.java:581)
	at java.base/jdk.internal.loader.ClassLoaders$AppClassLoader.loadClass(ClassLoaders.java:178)
	at java.base/java.lang.ClassLoader.loadClass(ClassLoader.java:522)
	at simplefx.util.ReflectionUtil.loadClass(ReflectionUtil.scala:38)
	at simplefx.util.ReflectionUtil.callNew(ReflectionUtil.scala:103)
	at com.jpro.internal.config.ApplicationStarter$.startApplication(ApplicationStarter.scala:108)
	at com.jpro.internal.config.ApplicationStarter$.requestApplication(ApplicationStarter.scala:94)
	at com.jpro.internal.config.ApplicationStarter$.getApplication(ApplicationStarter.scala:60)
	at com.jpro.internal.communicator.ViewImpl.<init>(ViewImpl.scala:30)
	at com.jpro.internal.server.ViewByActor.<init>(ViewSerializerActor.scala:114)
	at com.jpro.internal.server.ViewSerializerActor$$anonfun$receive$2$$anonfun$applyOrElse$1.$anonfun$applyOrElse$2(ViewSerializerActor.scala:69)
	at scala.runtime.java8.JFunction0$mcV$sp.apply(JFunction0$mcV$sp.java:23)
	at simplefx.util.Predef$.$anonfun$runInAndBlock$1(Predef.scala:183)
	at scala.runtime.java8.JFunction0$mcV$sp.apply(JFunction0$mcV$sp.java:23)
	at simplefx.cores.standard.parts.CoreTimeEvent.$anonfun$runAsAnimation$1(CoreTimeEvent.scala:64)
	at simplefx.cores.standard.parts.CoreTimeEvent$$anon$2.handle(CoreTimeEvent.scala:46)
	at javafx.animation.AnimationTimer$AnimationTimerReceiver.lambda$handle$0(AnimationTimer.java:58)
	at java.base/java.security.AccessController.doPrivileged(Native Method)
	at javafx.animation.AnimationTimer$AnimationTimerReceiver.handle(AnimationTimer.java:57)
	at com.sun.scenario.animation.AbstractPrimaryTimer.timePulseImpl(AbstractPrimaryTimer.java:356)
	at com.sun.scenario.animation.AbstractPrimaryTimer$MainLoop.run(AbstractPrimaryTimer.java:266)
	at com.sun.javafx.tk.quantum.QuantumToolkit.pulse(QuantumToolkit.java:581)
	at com.sun.javafx.tk.quantum.QuantumToolkit.pulse(QuantumToolkit.java:565)
	at com.sun.javafx.tk.quantum.QuantumToolkit.pulseFromQueue(QuantumToolkit.java:558)
	at com.sun.javafx.tk.quantum.QuantumToolkit.lambda$runToolkit$12(QuantumToolkit.java:359)
	at com.sun.glass.ui.monocle.RunnableProcessor.runLoop(RunnableProcessor.java:92)
	at com.sun.glass.ui.monocle.RunnableProcessor.run(RunnableProcessor.java:51)
	at java.base/java.lang.Thread.run(Thread.java:829)
2021-12-31 19:06:57,283 [INFO] from controllers.jpro in application-akka.actor.default-dispatcher-13 - application requested: 0!default
2021-12-31 19:06:57,285 [INFO] from controllers.jpro in application-akka.actor.default-dispatcher-13 - Creating Application: 0!default
2021-12-31 19:06:57,286 [INFO] from controllers.jpro in application-akka.actor.default-dispatcher-13 - remoteAddress 0:0:0:0:0:0:0:1
2021-12-31 19:06:57,286 [INFO] from controllers.jpro in application-akka.actor.default-dispatcher-13 - host          localhost:8080
2021-12-31 19:06:57,286 [INFO] from controllers.jpro in application-akka.actor.default-dispatcher-13 - uri           /app/0!default
2021-12-31 19:06:57,338 [ERROR] from com.jpro.internal.server.ViewSerializerActor in JavaFX Application Thread - JavaFXStreamer - got Exception: 
java.lang.ClassNotFoundException: null
	at java.base/jdk.internal.loader.BuiltinClassLoader.loadClass(BuiltinClassLoader.java:581)
	at java.base/jdk.internal.loader.ClassLoaders$AppClassLoader.loadClass(ClassLoaders.java:178)
	at java.base/java.lang.ClassLoader.loadClass(ClassLoader.java:522)
	at simplefx.util.ReflectionUtil.loadClass(ReflectionUtil.scala:38)
	at simplefx.util.ReflectionUtil.callNew(ReflectionUtil.scala:103)
	at com.jpro.internal.config.ApplicationStarter$.startApplication(ApplicationStarter.scala:108)
	at com.jpro.internal.config.ApplicationStarter$.requestApplication(ApplicationStarter.scala:94)
	at com.jpro.internal.config.ApplicationStarter$.getApplication(ApplicationStarter.scala:60)
	at com.jpro.internal.communicator.ViewImpl.<init>(ViewImpl.scala:30)
	at com.jpro.internal.server.ViewByActor.<init>(ViewSerializerActor.scala:114)
	at com.jpro.internal.server.ViewSerializerActor$$anonfun$receive$2$$anonfun$applyOrElse$1.$anonfun$applyOrElse$2(ViewSerializerActor.scala:69)
	at scala.runtime.java8.JFunction0$mcV$sp.apply(JFunction0$mcV$sp.java:23)
	at simplefx.util.Predef$.$anonfun$runInAndBlock$1(Predef.scala:183)
	at scala.runtime.java8.JFunction0$mcV$sp.apply(JFunction0$mcV$sp.java:23)
	at simplefx.cores.standard.parts.CoreTimeEvent.$anonfun$runAsAnimation$1(CoreTimeEvent.scala:64)
	at simplefx.cores.standard.parts.CoreTimeEvent$$anon$2.handle(CoreTimeEvent.scala:46)
	at javafx.animation.AnimationTimer$AnimationTimerReceiver.lambda$handle$0(AnimationTimer.java:58)
	at java.base/java.security.AccessController.doPrivileged(Native Method)
	at javafx.animation.AnimationTimer$AnimationTimerReceiver.handle(AnimationTimer.java:57)
	at com.sun.scenario.animation.AbstractPrimaryTimer.timePulseImpl(AbstractPrimaryTimer.java:356)
	at com.sun.scenario.animation.AbstractPrimaryTimer$MainLoop.run(AbstractPrimaryTimer.java:266)
	at com.sun.javafx.tk.quantum.QuantumToolkit.pulse(QuantumToolkit.java:581)
	at com.sun.javafx.tk.quantum.QuantumToolkit.pulse(QuantumToolkit.java:565)
	at com.sun.javafx.tk.quantum.QuantumToolkit.pulseFromQueue(QuantumToolkit.java:558)
	at com.sun.javafx.tk.quantum.QuantumToolkit.lambda$runToolkit$12(QuantumToolkit.java:359)
	at com.sun.glass.ui.monocle.RunnableProcessor.runLoop(RunnableProcessor.java:92)
	at com.sun.glass.ui.monocle.RunnableProcessor.run(RunnableProcessor.java:51)
	at java.base/java.lang.Thread.run(Thread.java:829)
2021-12-31 19:07:02,448 [INFO] from controllers.jpro in application-akka.actor.default-dispatcher-10 - application requested: 0!default
2021-12-31 19:07:02,449 [INFO] from controllers.jpro in application-akka.actor.default-dispatcher-10 - Creating Application: 0!default
2021-12-31 19:07:02,450 [INFO] from controllers.jpro in application-akka.actor.default-dispatcher-10 - remoteAddress 0:0:0:0:0:0:0:1
2021-12-31 19:07:02,450 [INFO] from controllers.jpro in application-akka.actor.default-dispatcher-10 - host          localhost:8080
2021-12-31 19:07:02,450 [INFO] from controllers.jpro in application-akka.actor.default-dispatcher-10 - uri           /app/0!default
2021-12-31 19:07:02,500 [ERROR] from com.jpro.internal.server.ViewSerializerActor in JavaFX Application Thread - JavaFXStreamer - got Exception: 
java.lang.ClassNotFoundException: null
	at java.base/jdk.internal.loader.BuiltinClassLoader.loadClass(BuiltinClassLoader.java:581)
	at java.base/jdk.internal.loader.ClassLoaders$AppClassLoader.loadClass(ClassLoaders.java:178)
	at java.base/java.lang.ClassLoader.loadClass(ClassLoader.java:522)
	at simplefx.util.ReflectionUtil.loadClass(ReflectionUtil.scala:38)
	at simplefx.util.ReflectionUtil.callNew(ReflectionUtil.scala:103)
	at com.jpro.internal.config.ApplicationStarter$.startApplication(ApplicationStarter.scala:108)
	at com.jpro.internal.config.ApplicationStarter$.requestApplication(ApplicationStarter.scala:94)
	at com.jpro.internal.config.ApplicationStarter$.getApplication(ApplicationStarter.scala:60)
	at com.jpro.internal.communicator.ViewImpl.<init>(ViewImpl.scala:30)
	at com.jpro.internal.server.ViewByActor.<init>(ViewSerializerActor.scala:114)
	at com.jpro.internal.server.ViewSerializerActor$$anonfun$receive$2$$anonfun$applyOrElse$1.$anonfun$applyOrElse$2(ViewSerializerActor.scala:69)
	at scala.runtime.java8.JFunction0$mcV$sp.apply(JFunction0$mcV$sp.java:23)
	at simplefx.util.Predef$.$anonfun$runInAndBlock$1(Predef.scala:183)
	at scala.runtime.java8.JFunction0$mcV$sp.apply(JFunction0$mcV$sp.java:23)
	at simplefx.cores.standard.parts.CoreTimeEvent.$anonfun$runAsAnimation$1(CoreTimeEvent.scala:64)
	at simplefx.cores.standard.parts.CoreTimeEvent$$anon$2.handle(CoreTimeEvent.scala:46)
	at javafx.animation.AnimationTimer$AnimationTimerReceiver.lambda$handle$0(AnimationTimer.java:58)
	at java.base/java.security.AccessController.doPrivileged(Native Method)
	at javafx.animation.AnimationTimer$AnimationTimerReceiver.handle(AnimationTimer.java:57)
	at com.sun.scenario.animation.AbstractPrimaryTimer.timePulseImpl(AbstractPrimaryTimer.java:356)
	at com.sun.scenario.animation.AbstractPrimaryTimer$MainLoop.run(AbstractPrimaryTimer.java:266)
	at com.sun.javafx.tk.quantum.QuantumToolkit.pulse(QuantumToolkit.java:581)
	at com.sun.javafx.tk.quantum.QuantumToolkit.pulse(QuantumToolkit.java:565)
	at com.sun.javafx.tk.quantum.QuantumToolkit.pulseFromQueue(QuantumToolkit.java:558)
	at com.sun.javafx.tk.quantum.QuantumToolkit.lambda$runToolkit$12(QuantumToolkit.java:359)
	at com.sun.glass.ui.monocle.RunnableProcessor.runLoop(RunnableProcessor.java:92)
	at com.sun.glass.ui.monocle.RunnableProcessor.run(RunnableProcessor.java:51)
	at java.base/java.lang.Thread.run(Thread.java:829)
2021-12-31 19:07:07,616 [INFO] from controllers.jpro in application-akka.actor.default-dispatcher-7 - application requested: 0!default
2021-12-31 19:07:07,618 [INFO] from controllers.jpro in application-akka.actor.default-dispatcher-7 - Creating Application: 0!default
2021-12-31 19:07:07,618 [INFO] from controllers.jpro in application-akka.actor.default-dispatcher-7 - remoteAddress 0:0:0:0:0:0:0:1
2021-12-31 19:07:07,618 [INFO] from controllers.jpro in application-akka.actor.default-dispatcher-7 - host          localhost:8080
2021-12-31 19:07:07,618 [INFO] from controllers.jpro in application-akka.actor.default-dispatcher-7 - uri           /app/0!default
2021-12-31 19:07:07,715 [ERROR] from com.jpro.internal.server.ViewSerializerActor in JavaFX Application Thread - JavaFXStreamer - got Exception: 
java.lang.ClassNotFoundException: null
	at java.base/jdk.internal.loader.BuiltinClassLoader.loadClass(BuiltinClassLoader.java:581)
	at java.base/jdk.internal.loader.ClassLoaders$AppClassLoader.loadClass(ClassLoaders.java:178)
	at java.base/java.lang.ClassLoader.loadClass(ClassLoader.java:522)
	at simplefx.util.ReflectionUtil.loadClass(ReflectionUtil.scala:38)
	at simplefx.util.ReflectionUtil.callNew(ReflectionUtil.scala:103)
	at com.jpro.internal.config.ApplicationStarter$.startApplication(ApplicationStarter.scala:108)
	at com.jpro.internal.config.ApplicationStarter$.requestApplication(ApplicationStarter.scala:94)
	at com.jpro.internal.config.ApplicationStarter$.getApplication(ApplicationStarter.scala:60)
	at com.jpro.internal.communicator.ViewImpl.<init>(ViewImpl.scala:30)
	at com.jpro.internal.server.ViewByActor.<init>(ViewSerializerActor.scala:114)
	at com.jpro.internal.server.ViewSerializerActor$$anonfun$receive$2$$anonfun$applyOrElse$1.$anonfun$applyOrElse$2(ViewSerializerActor.scala:69)
	at scala.runtime.java8.JFunction0$mcV$sp.apply(JFunction0$mcV$sp.java:23)
	at simplefx.util.Predef$.$anonfun$runInAndBlock$1(Predef.scala:183)
	at scala.runtime.java8.JFunction0$mcV$sp.apply(JFunction0$mcV$sp.java:23)
	at simplefx.cores.standard.parts.CoreTimeEvent.$anonfun$runAsAnimation$1(CoreTimeEvent.scala:64)
	at simplefx.cores.standard.parts.CoreTimeEvent$$anon$2.handle(CoreTimeEvent.scala:46)
	at javafx.animation.AnimationTimer$AnimationTimerReceiver.lambda$handle$0(AnimationTimer.java:58)
	at java.base/java.security.AccessController.doPrivileged(Native Method)
	at javafx.animation.AnimationTimer$AnimationTimerReceiver.handle(AnimationTimer.java:57)
	at com.sun.scenario.animation.AbstractPrimaryTimer.timePulseImpl(AbstractPrimaryTimer.java:356)
	at com.sun.scenario.animation.AbstractPrimaryTimer$MainLoop.run(AbstractPrimaryTimer.java:266)
	at com.sun.javafx.tk.quantum.QuantumToolkit.pulse(QuantumToolkit.java:581)
	at com.sun.javafx.tk.quantum.QuantumToolkit.pulse(QuantumToolkit.java:565)
	at com.sun.javafx.tk.quantum.QuantumToolkit.pulseFromQueue(QuantumToolkit.java:558)
	at com.sun.javafx.tk.quantum.QuantumToolkit.lambda$runToolkit$12(QuantumToolkit.java:359)
	at com.sun.glass.ui.monocle.RunnableProcessor.runLoop(RunnableProcessor.java:92)
	at com.sun.glass.ui.monocle.RunnableProcessor.run(RunnableProcessor.java:51)
	at java.base/java.lang.Thread.run(Thread.java:829)
2021-12-31 19:07:12,794 [INFO] from controllers.jpro in application-akka.actor.default-dispatcher-13 - application requested: 0!default
2021-12-31 19:07:12,795 [INFO] from controllers.jpro in application-akka.actor.default-dispatcher-13 - Creating Application: 0!default
2021-12-31 19:07:12,796 [INFO] from controllers.jpro in application-akka.actor.default-dispatcher-13 - remoteAddress 0:0:0:0:0:0:0:1
2021-12-31 19:07:12,796 [INFO] from controllers.jpro in application-akka.actor.default-dispatcher-13 - host          localhost:8080
2021-12-31 19:07:12,796 [INFO] from controllers.jpro in application-akka.actor.default-dispatcher-13 - uri           /app/0!default
2021-12-31 19:07:12,845 [ERROR] from com.jpro.internal.server.ViewSerializerActor in JavaFX Application Thread - JavaFXStreamer - got Exception: 
java.lang.ClassNotFoundException: null
	at java.base/jdk.internal.loader.BuiltinClassLoader.loadClass(BuiltinClassLoader.java:581)
	at java.base/jdk.internal.loader.ClassLoaders$AppClassLoader.loadClass(ClassLoaders.java:178)
	at java.base/java.lang.ClassLoader.loadClass(ClassLoader.java:522)
	at simplefx.util.ReflectionUtil.loadClass(ReflectionUtil.scala:38)
	at simplefx.util.ReflectionUtil.callNew(ReflectionUtil.scala:103)
	at com.jpro.internal.config.ApplicationStarter$.startApplication(ApplicationStarter.scala:108)
	at com.jpro.internal.config.ApplicationStarter$.requestApplication(ApplicationStarter.scala:94)
	at com.jpro.internal.config.ApplicationStarter$.getApplication(ApplicationStarter.scala:60)
	at com.jpro.internal.communicator.ViewImpl.<init>(ViewImpl.scala:30)
	at com.jpro.internal.server.ViewByActor.<init>(ViewSerializerActor.scala:114)
	at com.jpro.internal.server.ViewSerializerActor$$anonfun$receive$2$$anonfun$applyOrElse$1.$anonfun$applyOrElse$2(ViewSerializerActor.scala:69)
	at scala.runtime.java8.JFunction0$mcV$sp.apply(JFunction0$mcV$sp.java:23)
	at simplefx.util.Predef$.$anonfun$runInAndBlock$1(Predef.scala:183)
	at scala.runtime.java8.JFunction0$mcV$sp.apply(JFunction0$mcV$sp.java:23)
	at simplefx.cores.standard.parts.CoreTimeEvent.$anonfun$runAsAnimation$1(CoreTimeEvent.scala:64)
	at simplefx.cores.standard.parts.CoreTimeEvent$$anon$2.handle(CoreTimeEvent.scala:46)
	at javafx.animation.AnimationTimer$AnimationTimerReceiver.lambda$handle$0(AnimationTimer.java:58)
	at java.base/java.security.AccessController.doPrivileged(Native Method)
	at javafx.animation.AnimationTimer$AnimationTimerReceiver.handle(AnimationTimer.java:57)
	at com.sun.scenario.animation.AbstractPrimaryTimer.timePulseImpl(AbstractPrimaryTimer.java:356)
	at com.sun.scenario.animation.AbstractPrimaryTimer$MainLoop.run(AbstractPrimaryTimer.java:266)
	at com.sun.javafx.tk.quantum.QuantumToolkit.pulse(QuantumToolkit.java:581)
	at com.sun.javafx.tk.quantum.QuantumToolkit.pulse(QuantumToolkit.java:565)
	at com.sun.javafx.tk.quantum.QuantumToolkit.pulseFromQueue(QuantumToolkit.java:558)
	at com.sun.javafx.tk.quantum.QuantumToolkit.lambda$runToolkit$12(QuantumToolkit.java:359)
	at com.sun.glass.ui.monocle.RunnableProcessor.runLoop(RunnableProcessor.java:92)
	at com.sun.glass.ui.monocle.RunnableProcessor.run(RunnableProcessor.java:51)
	at java.base/java.lang.Thread.run(Thread.java:829)
2021-12-31 19:07:17,992 [INFO] from controllers.jpro in application-akka.actor.default-dispatcher-14 - application requested: 0!default
2021-12-31 19:07:17,992 [INFO] from controllers.jpro in application-akka.actor.default-dispatcher-14 - Creating Application: 0!default
2021-12-31 19:07:17,993 [INFO] from controllers.jpro in application-akka.actor.default-dispatcher-14 - remoteAddress 0:0:0:0:0:0:0:1
2021-12-31 19:07:17,993 [INFO] from controllers.jpro in application-akka.actor.default-dispatcher-14 - host          localhost:8080
2021-12-31 19:07:17,993 [INFO] from controllers.jpro in application-akka.actor.default-dispatcher-14 - uri           /app/0!default
2021-12-31 19:07:18,128 [ERROR] from com.jpro.internal.server.ViewSerializerActor in JavaFX Application Thread - JavaFXStreamer - got Exception: 
java.lang.ClassNotFoundException: null
	at java.base/jdk.internal.loader.BuiltinClassLoader.loadClass(BuiltinClassLoader.java:581)
	at java.base/jdk.internal.loader.ClassLoaders$AppClassLoader.loadClass(ClassLoaders.java:178)
	at java.base/java.lang.ClassLoader.loadClass(ClassLoader.java:522)
	at simplefx.util.ReflectionUtil.loadClass(ReflectionUtil.scala:38)
	at simplefx.util.ReflectionUtil.callNew(ReflectionUtil.scala:103)
	at com.jpro.internal.config.ApplicationStarter$.startApplication(ApplicationStarter.scala:108)
	at com.jpro.internal.config.ApplicationStarter$.requestApplication(ApplicationStarter.scala:94)
	at com.jpro.internal.config.ApplicationStarter$.getApplication(ApplicationStarter.scala:60)
	at com.jpro.internal.communicator.ViewImpl.<init>(ViewImpl.scala:30)
	at com.jpro.internal.server.ViewByActor.<init>(ViewSerializerActor.scala:114)
	at com.jpro.internal.server.ViewSerializerActor$$anonfun$receive$2$$anonfun$applyOrElse$1.$anonfun$applyOrElse$2(ViewSerializerActor.scala:69)
	at scala.runtime.java8.JFunction0$mcV$sp.apply(JFunction0$mcV$sp.java:23)
	at simplefx.util.Predef$.$anonfun$runInAndBlock$1(Predef.scala:183)
	at scala.runtime.java8.JFunction0$mcV$sp.apply(JFunction0$mcV$sp.java:23)
	at simplefx.cores.standard.parts.CoreTimeEvent.$anonfun$runAsAnimation$1(CoreTimeEvent.scala:64)
	at simplefx.cores.standard.parts.CoreTimeEvent$$anon$2.handle(CoreTimeEvent.scala:46)
	at javafx.animation.AnimationTimer$AnimationTimerReceiver.lambda$handle$0(AnimationTimer.java:58)
	at java.base/java.security.AccessController.doPrivileged(Native Method)
	at javafx.animation.AnimationTimer$AnimationTimerReceiver.handle(AnimationTimer.java:57)
	at com.sun.scenario.animation.AbstractPrimaryTimer.timePulseImpl(AbstractPrimaryTimer.java:356)
	at com.sun.scenario.animation.AbstractPrimaryTimer$MainLoop.run(AbstractPrimaryTimer.java:266)
	at com.sun.javafx.tk.quantum.QuantumToolkit.pulse(QuantumToolkit.java:581)
	at com.sun.javafx.tk.quantum.QuantumToolkit.pulse(QuantumToolkit.java:565)
	at com.sun.javafx.tk.quantum.QuantumToolkit.pulseFromQueue(QuantumToolkit.java:558)
	at com.sun.javafx.tk.quantum.QuantumToolkit.lambda$runToolkit$12(QuantumToolkit.java:359)
	at com.sun.glass.ui.monocle.RunnableProcessor.runLoop(RunnableProcessor.java:92)
	at com.sun.glass.ui.monocle.RunnableProcessor.run(RunnableProcessor.java:51)
	at java.base/java.lang.Thread.run(Thread.java:829)
2021-12-31 19:42:35,755 [INFO] from akka.event.slf4j.Slf4jLogger in application-akka.actor.default-dispatcher-6 - Slf4jLogger started
2021-12-31 19:42:47,164 [INFO] from play.api.Play in Thread-0 - Application started (Prod) (no global state)
2021-12-31 19:42:56,805 [INFO] from play.core.server.AkkaHttpServer in Thread-0 - Enabling HTTP/2 on Akka HTTP server...
2021-12-31 19:42:56,809 [INFO] from play.core.server.AkkaHttpServer in Thread-0 - Listening for HTTP on /0:0:0:0:0:0:0:0:8080
2021-12-31 19:42:59,569 [INFO] from com.jpro.activity in application-akka.actor.default-dispatcher-6 - Starting the server
2021-12-31 19:42:59,617 [INFO] from com.jpro.internal.server.Initializer$ in application-akka.actor.default-dispatcher-6 -  *** Starting JPro: https://www.jpro.one/ ***
2021-12-31 19:42:59,617 [INFO] from com.jpro.internal.server.Initializer$ in application-akka.actor.default-dispatcher-6 - OS: Windows 10
2021-12-31 19:42:59,820 [INFO] from com.jpro.internal.server.Initializer$ in application-akka.actor.default-dispatcher-6 - JPro: 2021.2.2
2021-12-31 19:42:59,820 [INFO] from com.jpro.internal.server.Initializer$ in application-akka.actor.default-dispatcher-6 - Java version: 11.0.13
2021-12-31 19:42:59,820 [INFO] from com.jpro.internal.server.Initializer$ in application-akka.actor.default-dispatcher-6 - JVM: 11.0.13 Eclipse Adoptium
2021-12-31 19:42:59,837 [INFO] from com.jpro.internal.server.Initializer$ in application-akka.actor.default-dispatcher-6 - JavaFX jar: file:/C:/Users/Acer/.m2/repository/org/openjfx/javafx-graphics/17.0.1.1-jpro+0/javafx-graphics-17.0.1.1-jpro+0-win.jar
2021-12-31 19:43:00,384 [INFO] from com.jpro.internal.server.Initializer$ in application-akka.actor.default-dispatcher-6 - redirected OUT / ERR
2021-12-31 19:43:00,385 [INFO] from com.jpro.internal.server.Initializer$ in application-akka.actor.default-dispatcher-6 - installed SLF4JBridge
2021-12-31 19:43:03,041 [WARN] from javafx in application-akka.actor.default-dispatcher-6 - Unsupported JavaFX configuration: classes were loaded from 'unnamed module @48d2566a'
2021-12-31 19:43:14,657 [INFO] from com.jpro.internal.server.Initializer$ in application-akka.actor.default-dispatcher-6 - finished init!
2021-12-31 19:43:14,668 [INFO] from com.jpro.internal.server.Initializer$ in JavaFX Application Thread - JavaFX version: 17.0.1.1-jpro+0-2021-11-29-063032
2021-12-31 19:43:50,148 [INFO] from controllers.jpro in application-akka.actor.default-dispatcher-9 - application requested: 0!default
2021-12-31 19:43:51,002 [INFO] from controllers.jpro in application-akka.actor.default-dispatcher-9 - Creating Application: 0!default
2021-12-31 19:43:51,011 [INFO] from controllers.jpro in application-akka.actor.default-dispatcher-9 - remoteAddress 0:0:0:0:0:0:0:1
2021-12-31 19:43:51,011 [INFO] from controllers.jpro in application-akka.actor.default-dispatcher-9 - host          localhost:8080
2021-12-31 19:43:51,011 [INFO] from controllers.jpro in application-akka.actor.default-dispatcher-9 - uri           /app/0!default
2021-12-31 19:43:58,441 [ERROR] from com.jpro.internal.server.ViewSerializerActor in JavaFX Application Thread - JavaFXStreamer - got Exception: 
java.lang.ClassNotFoundException: null
	at java.base/jdk.internal.loader.BuiltinClassLoader.loadClass(BuiltinClassLoader.java:581)
	at java.base/jdk.internal.loader.ClassLoaders$AppClassLoader.loadClass(ClassLoaders.java:178)
	at java.base/java.lang.ClassLoader.loadClass(ClassLoader.java:522)
	at simplefx.util.ReflectionUtil.loadClass(ReflectionUtil.scala:38)
	at simplefx.util.ReflectionUtil.callNew(ReflectionUtil.scala:103)
	at com.jpro.internal.config.ApplicationStarter$.startApplication(ApplicationStarter.scala:108)
	at com.jpro.internal.config.ApplicationStarter$.requestApplication(ApplicationStarter.scala:94)
	at com.jpro.internal.config.ApplicationStarter$.getApplication(ApplicationStarter.scala:60)
	at com.jpro.internal.communicator.ViewImpl.<init>(ViewImpl.scala:30)
	at com.jpro.internal.server.ViewByActor.<init>(ViewSerializerActor.scala:114)
	at com.jpro.internal.server.ViewSerializerActor$$anonfun$receive$2$$anonfun$applyOrElse$1.$anonfun$applyOrElse$2(ViewSerializerActor.scala:69)
	at scala.runtime.java8.JFunction0$mcV$sp.apply(JFunction0$mcV$sp.java:23)
	at simplefx.util.Predef$.$anonfun$runInAndBlock$1(Predef.scala:183)
	at scala.runtime.java8.JFunction0$mcV$sp.apply(JFunction0$mcV$sp.java:23)
	at simplefx.cores.standard.parts.CoreTimeEvent.$anonfun$runAsAnimation$1(CoreTimeEvent.scala:64)
	at simplefx.cores.standard.parts.CoreTimeEvent$$anon$2.handle(CoreTimeEvent.scala:46)
	at javafx.animation.AnimationTimer$AnimationTimerReceiver.lambda$handle$0(AnimationTimer.java:58)
	at java.base/java.security.AccessController.doPrivileged(Native Method)
	at javafx.animation.AnimationTimer$AnimationTimerReceiver.handle(AnimationTimer.java:57)
	at com.sun.scenario.animation.AbstractPrimaryTimer.timePulseImpl(AbstractPrimaryTimer.java:356)
	at com.sun.scenario.animation.AbstractPrimaryTimer$MainLoop.run(AbstractPrimaryTimer.java:266)
	at com.sun.javafx.tk.quantum.QuantumToolkit.pulse(QuantumToolkit.java:581)
	at com.sun.javafx.tk.quantum.QuantumToolkit.pulse(QuantumToolkit.java:565)
	at com.sun.javafx.tk.quantum.QuantumToolkit.pulseFromQueue(QuantumToolkit.java:558)
	at com.sun.javafx.tk.quantum.QuantumToolkit.lambda$runToolkit$12(QuantumToolkit.java:359)
	at com.sun.glass.ui.monocle.RunnableProcessor.runLoop(RunnableProcessor.java:92)
	at com.sun.glass.ui.monocle.RunnableProcessor.run(RunnableProcessor.java:51)
	at java.base/java.lang.Thread.run(Thread.java:829)
